Determining if the pthread_create exist failed with the following output:
Change Dir: /home/gabriel/Documentos/Trabalho1/glfw/src/glfw-build/CMakeFiles/CMakeTmp

Run Build Command:"/usr/bin/make" "cmTC_e079d/fast"
make[3]: Entering directory '/home/gabriel/Documentos/Trabalho1/glfw/src/glfw-build/CMakeFiles/CMakeTmp'
/usr/bin/make -f CMakeFiles/cmTC_e079d.dir/build.make CMakeFiles/cmTC_e079d.dir/build
make[4]: Entering directory '/home/gabriel/Documentos/Trabalho1/glfw/src/glfw-build/CMakeFiles/CMakeTmp'
Building C object CMakeFiles/cmTC_e079d.dir/CheckSymbolExists.c.o
/usr/bin/cc    -o CMakeFiles/cmTC_e079d.dir/CheckSymbolExists.c.o   -c /home/gabriel/Documentos/Trabalho1/glfw/src/glfw-build/CMakeFiles/CMakeTmp/CheckSymbolExists.c
Linking C executable cmTC_e079d
/usr/bin/cmake -E cmake_link_script CMakeFiles/cmTC_e079d.dir/link.txt --verbose=1
/usr/bin/cc      -rdynamic CMakeFiles/cmTC_e079d.dir/CheckSymbolExists.c.o  -o cmTC_e079d 
CMakeFiles/cmTC_e079d.dir/CheckSymbolExists.c.o: Na função "main":
CheckSymbolExists.c:(.text+0x1b): referência não definida para "pthread_create"
collect2: error: ld returned 1 exit status
CMakeFiles/cmTC_e079d.dir/build.make:97: recipe for target 'cmTC_e079d' failed
make[4]: *** [cmTC_e079d] Error 1
make[4]: Leaving directory '/home/gabriel/Documentos/Trabalho1/glfw/src/glfw-build/CMakeFiles/CMakeTmp'
Makefile:126: recipe for target 'cmTC_e079d/fast' failed
make[3]: *** [cmTC_e079d/fast] Error 2
make[3]: Leaving directory '/home/gabriel/Documentos/Trabalho1/glfw/src/glfw-build/CMakeFiles/CMakeTmp'

File /home/gabriel/Documentos/Trabalho1/glfw/src/glfw-build/CMakeFiles/CMakeTmp/CheckSymbolExists.c:
/* */
#include <pthread.h>

int main(int argc, char** argv)
{
  (void)argv;
#ifndef pthread_create
  return ((int*)(&pthread_create))[argc];
#else
  (void)argc;
  return 0;
#endif
}

Determining if the function pthread_create exists in the pthreads failed with the following output:
Change Dir: /home/gabriel/Documentos/Trabalho1/glfw/src/glfw-build/CMakeFiles/CMakeTmp

Run Build Command:"/usr/bin/make" "cmTC_c5973/fast"
make[3]: Entering directory '/home/gabriel/Documentos/Trabalho1/glfw/src/glfw-build/CMakeFiles/CMakeTmp'
/usr/bin/make -f CMakeFiles/cmTC_c5973.dir/build.make CMakeFiles/cmTC_c5973.dir/build
make[4]: Entering directory '/home/gabriel/Documentos/Trabalho1/glfw/src/glfw-build/CMakeFiles/CMakeTmp'
Building C object CMakeFiles/cmTC_c5973.dir/CheckFunctionExists.c.o
/usr/bin/cc   -DCHECK_FUNCTION_EXISTS=pthread_create   -o CMakeFiles/cmTC_c5973.dir/CheckFunctionExists.c.o   -c /usr/share/cmake-3.10/Modules/CheckFunctionExists.c
Linking C executable cmTC_c5973
/usr/bin/cmake -E cmake_link_script CMakeFiles/cmTC_c5973.dir/link.txt --verbose=1
/usr/bin/cc  -DCHECK_FUNCTION_EXISTS=pthread_create    -rdynamic CMakeFiles/cmTC_c5973.dir/CheckFunctionExists.c.o  -o cmTC_c5973 -lpthreads 
/usr/bin/ld: não foi possível localizar -lpthreads
collect2: error: ld returned 1 exit status
CMakeFiles/cmTC_c5973.dir/build.make:97: recipe for target 'cmTC_c5973' failed
make[4]: *** [cmTC_c5973] Error 1
make[4]: Leaving directory '/home/gabriel/Documentos/Trabalho1/glfw/src/glfw-build/CMakeFiles/CMakeTmp'
Makefile:126: recipe for target 'cmTC_c5973/fast' failed
make[3]: *** [cmTC_c5973/fast] Error 2
make[3]: Leaving directory '/home/gabriel/Documentos/Trabalho1/glfw/src/glfw-build/CMakeFiles/CMakeTmp'


