Determining if the pthread_create exist failed with the following output:
Change Dir: /home/gabriel/Documentos/Trabalho1/CMakeFiles/CMakeTmp

Run Build Command:"/usr/bin/make" "cmTC_0a817/fast"
/usr/bin/make -f CMakeFiles/cmTC_0a817.dir/build.make CMakeFiles/cmTC_0a817.dir/build
make[1]: Entering directory '/home/gabriel/Documentos/Trabalho1/CMakeFiles/CMakeTmp'
Building C object CMakeFiles/cmTC_0a817.dir/CheckSymbolExists.c.o
/usr/bin/cc    -o CMakeFiles/cmTC_0a817.dir/CheckSymbolExists.c.o   -c /home/gabriel/Documentos/Trabalho1/CMakeFiles/CMakeTmp/CheckSymbolExists.c
Linking C executable cmTC_0a817
/usr/bin/cmake -E cmake_link_script CMakeFiles/cmTC_0a817.dir/link.txt --verbose=1
/usr/bin/cc      CMakeFiles/cmTC_0a817.dir/CheckSymbolExists.c.o  -o cmTC_0a817 
CMakeFiles/cmTC_0a817.dir/CheckSymbolExists.c.o: Na função "main":
CheckSymbolExists.c:(.text+0x1b): referência não definida para "pthread_create"
collect2: error: ld returned 1 exit status
CMakeFiles/cmTC_0a817.dir/build.make:97: recipe for target 'cmTC_0a817' failed
make[1]: *** [cmTC_0a817] Error 1
make[1]: Leaving directory '/home/gabriel/Documentos/Trabalho1/CMakeFiles/CMakeTmp'
Makefile:126: recipe for target 'cmTC_0a817/fast' failed
make: *** [cmTC_0a817/fast] Error 2

File /home/gabriel/Documentos/Trabalho1/CMakeFiles/CMakeTmp/CheckSymbolExists.c:
/* */
#include <pthread.h>

int main(int argc, char** argv)
{
  (void)argv;
#ifndef pthread_create
  return ((int*)(&pthread_create))[argc];
#else
  (void)argc;
  return 0;
#endif
}

Determining if the function pthread_create exists in the pthreads failed with the following output:
Change Dir: /home/gabriel/Documentos/Trabalho1/CMakeFiles/CMakeTmp

Run Build Command:"/usr/bin/make" "cmTC_1ee60/fast"
/usr/bin/make -f CMakeFiles/cmTC_1ee60.dir/build.make CMakeFiles/cmTC_1ee60.dir/build
make[1]: Entering directory '/home/gabriel/Documentos/Trabalho1/CMakeFiles/CMakeTmp'
Building C object CMakeFiles/cmTC_1ee60.dir/CheckFunctionExists.c.o
/usr/bin/cc   -DCHECK_FUNCTION_EXISTS=pthread_create   -o CMakeFiles/cmTC_1ee60.dir/CheckFunctionExists.c.o   -c /usr/share/cmake-3.10/Modules/CheckFunctionExists.c
Linking C executable cmTC_1ee60
/usr/bin/cmake -E cmake_link_script CMakeFiles/cmTC_1ee60.dir/link.txt --verbose=1
/usr/bin/cc  -DCHECK_FUNCTION_EXISTS=pthread_create    CMakeFiles/cmTC_1ee60.dir/CheckFunctionExists.c.o  -o cmTC_1ee60 -lpthreads 
/usr/bin/ld: não foi possível localizar -lpthreads
collect2: error: ld returned 1 exit status
CMakeFiles/cmTC_1ee60.dir/build.make:97: recipe for target 'cmTC_1ee60' failed
make[1]: *** [cmTC_1ee60] Error 1
make[1]: Leaving directory '/home/gabriel/Documentos/Trabalho1/CMakeFiles/CMakeTmp'
Makefile:126: recipe for target 'cmTC_1ee60/fast' failed
make: *** [cmTC_1ee60/fast] Error 2


Determining if the pthread_create exist failed with the following output:
Change Dir: /home/gabriel/Documentos/Trabalho1/CMakeFiles/CMakeTmp

Run Build Command:"/usr/bin/make" "cmTC_189b0/fast"
make[1]: Entering directory '/home/gabriel/Documentos/Trabalho1/CMakeFiles/CMakeTmp'
/usr/bin/make -f CMakeFiles/cmTC_189b0.dir/build.make CMakeFiles/cmTC_189b0.dir/build
make[2]: Entering directory '/home/gabriel/Documentos/Trabalho1/CMakeFiles/CMakeTmp'
Building C object CMakeFiles/cmTC_189b0.dir/CheckSymbolExists.c.o
/usr/bin/cc    -o CMakeFiles/cmTC_189b0.dir/CheckSymbolExists.c.o   -c /home/gabriel/Documentos/Trabalho1/CMakeFiles/CMakeTmp/CheckSymbolExists.c
Linking C executable cmTC_189b0
/usr/bin/cmake -E cmake_link_script CMakeFiles/cmTC_189b0.dir/link.txt --verbose=1
/usr/bin/cc      CMakeFiles/cmTC_189b0.dir/CheckSymbolExists.c.o  -o cmTC_189b0 
CMakeFiles/cmTC_189b0.dir/CheckSymbolExists.c.o: Na função "main":
CheckSymbolExists.c:(.text+0x1b): referência não definida para "pthread_create"
collect2: error: ld returned 1 exit status
CMakeFiles/cmTC_189b0.dir/build.make:97: recipe for target 'cmTC_189b0' failed
make[2]: *** [cmTC_189b0] Error 1
make[2]: Leaving directory '/home/gabriel/Documentos/Trabalho1/CMakeFiles/CMakeTmp'
Makefile:126: recipe for target 'cmTC_189b0/fast' failed
make[1]: *** [cmTC_189b0/fast] Error 2
make[1]: Leaving directory '/home/gabriel/Documentos/Trabalho1/CMakeFiles/CMakeTmp'

File /home/gabriel/Documentos/Trabalho1/CMakeFiles/CMakeTmp/CheckSymbolExists.c:
/* */
#include <pthread.h>

int main(int argc, char** argv)
{
  (void)argv;
#ifndef pthread_create
  return ((int*)(&pthread_create))[argc];
#else
  (void)argc;
  return 0;
#endif
}

Determining if the function pthread_create exists in the pthreads failed with the following output:
Change Dir: /home/gabriel/Documentos/Trabalho1/CMakeFiles/CMakeTmp

Run Build Command:"/usr/bin/make" "cmTC_a098e/fast"
make[1]: Entering directory '/home/gabriel/Documentos/Trabalho1/CMakeFiles/CMakeTmp'
/usr/bin/make -f CMakeFiles/cmTC_a098e.dir/build.make CMakeFiles/cmTC_a098e.dir/build
make[2]: Entering directory '/home/gabriel/Documentos/Trabalho1/CMakeFiles/CMakeTmp'
Building C object CMakeFiles/cmTC_a098e.dir/CheckFunctionExists.c.o
/usr/bin/cc   -DCHECK_FUNCTION_EXISTS=pthread_create   -o CMakeFiles/cmTC_a098e.dir/CheckFunctionExists.c.o   -c /usr/share/cmake-3.10/Modules/CheckFunctionExists.c
Linking C executable cmTC_a098e
/usr/bin/cmake -E cmake_link_script CMakeFiles/cmTC_a098e.dir/link.txt --verbose=1
/usr/bin/cc  -DCHECK_FUNCTION_EXISTS=pthread_create    CMakeFiles/cmTC_a098e.dir/CheckFunctionExists.c.o  -o cmTC_a098e -lpthreads 
/usr/bin/ld: não foi possível localizar -lpthreads
collect2: error: ld returned 1 exit status
CMakeFiles/cmTC_a098e.dir/build.make:97: recipe for target 'cmTC_a098e' failed
make[2]: *** [cmTC_a098e] Error 1
make[2]: Leaving directory '/home/gabriel/Documentos/Trabalho1/CMakeFiles/CMakeTmp'
Makefile:126: recipe for target 'cmTC_a098e/fast' failed
make[1]: *** [cmTC_a098e/fast] Error 2
make[1]: Leaving directory '/home/gabriel/Documentos/Trabalho1/CMakeFiles/CMakeTmp'


